<?xml version="1.0" encoding="UTF-8" standalone="yes"?><!DOCTYPE report PUBLIC "-//JACOCO//DTD Report 1.1//EN" "report.dtd"><report name="iws-manager-api"><sessioninfo id="DESKTOP-IE0IFMA-1d2ce4b6" start="1746472586146" dump="1746472588478"/><package name="com/iws_manager/iws_manager_api/models"><class name="com/iws_manager/iws_manager_api/models/Salutation" sourcefilename="Salutation.java"/><class name="com/iws_manager/iws_manager_api/models/ContactPerson" sourcefilename="ContactPerson.java"/><class name="com/iws_manager/iws_manager_api/models/Customer" sourcefilename="Customer.java"/><class name="com/iws_manager/iws_manager_api/models/Country" sourcefilename="Country.java"/><class name="com/iws_manager/iws_manager_api/models/Title" sourcefilename="Title.java"/><class name="com/iws_manager/iws_manager_api/models/State" sourcefilename="State.java"/><class name="com/iws_manager/iws_manager_api/models/Branch" sourcefilename="Branch.java"/><class name="com/iws_manager/iws_manager_api/models/CompanyType" sourcefilename="CompanyType.java"/><sourcefile name="Salutation.java"/><sourcefile name="ContactPerson.java"/><sourcefile name="Branch.java"/><sourcefile name="Customer.java"/><sourcefile name="CompanyType.java"/><sourcefile name="State.java"/><sourcefile name="Title.java"/><sourcefile name="Country.java"/></package><package name="com/iws_manager/iws_manager_api/repositories"><class name="com/iws_manager/iws_manager_api/repositories/CountryRepository" sourcefilename="CountryRepository.java"/><class name="com/iws_manager/iws_manager_api/repositories/StateRepository" sourcefilename="StateRepository.java"/><class name="com/iws_manager/iws_manager_api/repositories/SalutationRepository" sourcefilename="SalutationRepository.java"/><class name="com/iws_manager/iws_manager_api/repositories/CustomerRepository" sourcefilename="CustomerRepository.java"/><class name="com/iws_manager/iws_manager_api/repositories/CompanyTypeRepository" sourcefilename="CompanyTypeRepository.java"/><class name="com/iws_manager/iws_manager_api/repositories/BranchRepository" sourcefilename="BranchRepository.java"/><class name="com/iws_manager/iws_manager_api/repositories/ContactPersonRepository" sourcefilename="ContactPersonRepository.java"/><class name="com/iws_manager/iws_manager_api/repositories/TitleRepository" sourcefilename="TitleRepository.java"/><sourcefile name="StateRepository.java"/><sourcefile name="CountryRepository.java"/><sourcefile name="BranchRepository.java"/><sourcefile name="TitleRepository.java"/><sourcefile name="ContactPersonRepository.java"/><sourcefile name="CustomerRepository.java"/><sourcefile name="SalutationRepository.java"/><sourcefile name="CompanyTypeRepository.java"/></package></report>