<?xml version="1.0" encoding="UTF-8" standalone="yes"?><!DOCTYPE report PUBLIC "-//JACOCO//DTD Report 1.1//EN" "report.dtd"><report name="iws-manager-api"><sessioninfo id="DESKTOP-IE0IFMA-253775cb" start="1746461685371" dump="1746461690505"/><package name="com/iws_manager/iws_manager_api/models"><class name="com/iws_manager/iws_manager_api/models/Title" sourcefilename="Title.java"/><class name="com/iws_manager/iws_manager_api/models/State" sourcefilename="State.java"/><class name="com/iws_manager/iws_manager_api/models/Branch" sourcefilename="Branch.java"/><class name="com/iws_manager/iws_manager_api/models/Salutation" sourcefilename="Salutation.java"/><class name="com/iws_manager/iws_manager_api/models/ContactPerson" sourcefilename="ContactPerson.java"/><class name="com/iws_manager/iws_manager_api/models/CompanyType" sourcefilename="CompanyType.java"/><class name="com/iws_manager/iws_manager_api/models/Customer" sourcefilename="Customer.java"/><class name="com/iws_manager/iws_manager_api/models/Country" sourcefilename="Country.java"/><sourcefile name="CompanyType.java"/><sourcefile name="Salutation.java"/><sourcefile name="State.java"/><sourcefile name="Title.java"/><sourcefile name="ContactPerson.java"/><sourcefile name="Country.java"/><sourcefile name="Branch.java"/><sourcefile name="Customer.java"/></package></report>